2025-01-10 11:15:59,845 - INFO - [32mПодключение к базе данных установлено.
2025-01-10 11:15:59,848 - INFO - [32mБаза данных инициализирована.
2025-01-10 11:15:59,849 - INFO - [32mПодключение к базе данных закрыто.
2025-01-10 11:16:00,501 - INFO - [32mПодключение к базе данных установлено.
2025-01-10 11:16:00,503 - INFO - [32mБаза данных инициализирована.
2025-01-10 11:16:00,504 - INFO - [32mПодключение к базе данных закрыто.
2025-01-10 11:16:02,101 - INFO - [32mЗагружены все заказы: ['000001', '000002']
2025-01-10 11:16:14,606 - INFO - [32mПользователь авторизовался.
2025-01-10 11:16:14,614 - INFO - [32mПодключение к базе данных установлено.
2025-01-10 11:16:14,658 - INFO - [32mИтоги: Доходы: 7100.0, Расходы: 500.0, Баланс: 6600.0
2025-01-10 11:16:14,665 - INFO - [32mПодключение к базе данных закрыто.
2025-01-10 11:16:48,103 - INFO - [32mСоздана папка для траты с ID 6963700c-df2f-48f1-9459-171c9fee1a05.
2025-01-10 11:16:48,158 - INFO - [32mПодключение к базе данных установлено.
2025-01-10 11:16:48,167 - INFO - [32mПодключение к базе данных закрыто.
2025-01-10 11:16:48,175 - INFO - [32mПользователь уже авторизован, редирект на главную страницу.
2025-01-10 11:16:48,184 - INFO - [32mПодключение к базе данных установлено.
2025-01-10 11:16:48,252 - INFO - [32mИтоги: Доходы: 7100.0, Расходы: 5500.0, Баланс: 1600.0
2025-01-10 11:16:48,254 - INFO - [32mПодключение к базе данных закрыто.
2025-01-10 11:16:52,756 - INFO - [32mДанные по трате 6963700c-df2f-48f1-9459-171c9fee1a05: {'services': [], 'uuid': '6963700c-df2f-48f1-9459-171c9fee1a05', 'name': 'Покупка SSD', 'description': 'Купил SSD в днс!', 'total_cost': '5000.0', 'receipt_filename': 'receipt.jpg', 'date': '10-01-2025 11:16:48'}
2025-01-10 11:16:59,530 - INFO - [32mПодключение к базе данных установлено.
2025-01-10 11:16:59,587 - INFO - [32mИтоги: Доходы: 7100.0, Расходы: 5500.0, Баланс: 1600.0
2025-01-10 11:16:59,589 - INFO - [32mПодключение к базе данных закрыто.
2025-01-10 11:17:00,839 - INFO - [32mДанные по трате 6963700c-df2f-48f1-9459-171c9fee1a05: {'services': [], 'uuid': '6963700c-df2f-48f1-9459-171c9fee1a05', 'name': 'Покупка SSD', 'description': 'Купил SSD в днс!', 'total_cost': '5000.0', 'receipt_filename': 'receipt.jpg', 'date': '10-01-2025 11:16:48'}
2025-01-10 11:17:22,035 - INFO - [32mПодключение к базе данных установлено.
2025-01-10 11:17:22,106 - INFO - [32mИтоги: Доходы: 7100.0, Расходы: 5500.0, Баланс: 1600.0
2025-01-10 11:17:22,143 - INFO - [32mПодключение к базе данных закрыто.
2025-01-10 11:17:23,800 - INFO - [32mПодключение к базе данных установлено.
2025-01-10 11:17:23,868 - INFO - [32mИтоги: Доходы: 7100.0, Расходы: 5500.0, Баланс: 1600.0
2025-01-10 11:17:23,870 - INFO - [32mПодключение к базе данных закрыто.
2025-01-10 11:17:26,382 - INFO - [32mПодключение к базе данных установлено.
2025-01-10 11:17:26,438 - INFO - [32mИтоги: Доходы: 7100.0, Расходы: 5500.0, Баланс: 1600.0
2025-01-10 11:17:26,440 - INFO - [32mПодключение к базе данных закрыто.
2025-01-10 11:17:27,396 - INFO - [32mДанные по трате be91b991-dac7-401e-afe1-8a127d60774e: {'services': [], 'uuid': 'be91b991-dac7-401e-afe1-8a127d60774e', 'name': 'Удодов Данила Николаевич', 'description': 'Купил термопасту', 'total_cost': '500.0', 'receipt_filename': 'receipt.jpg', 'date': '2025-05-20'}
2025-01-10 11:17:31,607 - INFO - [32mПодключение к базе данных установлено.
2025-01-10 11:17:31,663 - INFO - [32mИтоги: Доходы: 7100.0, Расходы: 5500.0, Баланс: 1600.0
2025-01-10 11:17:31,664 - INFO - [32mПодключение к базе данных закрыто.
2025-01-10 11:17:32,935 - INFO - [32mДанные по трате be91b991-dac7-401e-afe1-8a127d60774e: {'services': [], 'uuid': 'be91b991-dac7-401e-afe1-8a127d60774e', 'name': 'Удодов Данила Николаевич', 'description': 'Купил термопасту', 'total_cost': '500.0', 'receipt_filename': 'receipt.jpg', 'date': '2025-05-20'}
2025-01-10 11:17:37,483 - INFO - [32mПодключение к базе данных установлено.
2025-01-10 11:17:37,550 - INFO - [32mИтоги: Доходы: 7100.0, Расходы: 5500.0, Баланс: 1600.0
2025-01-10 11:17:37,552 - INFO - [32mПодключение к базе данных закрыто.
